<?xml version="1.0" encoding="UTF-8"?>
<!-- Generated by org.testng.reporters.JUnitReportReporter -->
<testsuite skipped="0" hostname="DESKTOP-0D017F8" name="org.mma.training.java.selenium.hardcodedscript.HardCodedScript" tests="1" failures="0" timestamp="2021-10-02T11:19:47 EDT" time="70.750" errors="0">
  <testcase name="camperQuoteValidation" time="70.750" classname="org.mma.training.java.selenium.hardcodedscript.HardCodedScript"/>
  <system-out/>
</testsuite> <!-- org.mma.training.java.selenium.hardcodedscript.HardCodedScript -->
