<?xml version="1.0" encoding="UTF-8"?>
<!-- Generated by org.testng.reporters.JUnitReportReporter -->
<testsuite skipped="0" hostname="DESKTOP-0D017F8" name="org.mma.training.java.selenium.tricentis.TestTricentis" tests="1" failures="0" timestamp="2021-09-25T11:03:12 EDT" time="4.163" errors="0">
  <testcase name="startApp" time="4.163" classname="org.mma.training.java.selenium.tricentis.TestTricentis"/>
  <system-out/>
</testsuite> <!-- org.mma.training.java.selenium.tricentis.TestTricentis -->
